\BOOKMARK [-1][]{chapter*.2}{Introduction}{}% 1
\BOOKMARK [-1][]{part.1}{I Structure d'accueil}{}% 2
\BOOKMARK [0][]{chapter.1.1}{Les agences d'urbanisme}{part.1}% 3
\BOOKMARK [1][]{section.1.1.1}{Fonctionnement g\351n\351ral}{chapter.1.1}% 4
\BOOKMARK [1][]{section.1.1.2}{R\351seau national}{chapter.1.1}% 5
\BOOKMARK [1][]{section.1.1.3}{Coop\351rations interm\351diaires}{chapter.1.1}% 6
\BOOKMARK [0][]{chapter.1.2}{L'AUDIAR \046 son environnement}{part.1}% 7
\BOOKMARK [1][]{section.1.2.1}{Le territoire}{chapter.1.2}% 8
\BOOKMARK [2][]{subsection.1.2.1.1}{Les g\351ographies}{section.1.2.1}% 9
\BOOKMARK [2][]{subsection.1.2.1.2}{Forme urbaine actuelle}{section.1.2.1}% 10
\BOOKMARK [2][]{subsection.1.2.1.3}{Les dynamiques pass\351es}{section.1.2.1}% 11
\BOOKMARK [2][]{subsection.1.2.1.4}{Les politiques locales}{section.1.2.1}% 12
\BOOKMARK [2][]{subsection.1.2.1.5}{Projets \340 venir}{section.1.2.1}% 13
\BOOKMARK [1][]{section.1.2.2}{El\351ments structurels de l'agence}{chapter.1.2}% 14
\BOOKMARK [2][]{subsection.1.2.2.1}{Organisation hi\351rarchique \040\351volution}{section.1.2.2}% 15
\BOOKMARK [2][]{subsection.1.2.2.2}{Contexte}{section.1.2.2}% 16
\BOOKMARK [-1][]{part.2}{II Missions de stage}{}% 17
\BOOKMARK [0][]{chapter.2.1}{Simulateur D\351mographique}{part.2}% 18
\BOOKMARK [1][]{section.2.1.1}{Cadre de travail}{chapter.2.1}% 19
\BOOKMARK [2][]{subsection.2.1.1.1}{Enjeux li\351s au projet}{section.2.1.1}% 20
\BOOKMARK [2][]{subsection.2.1.1.2}{Processus de travail}{section.2.1.1}% 21
\BOOKMARK [2][]{subsection.2.1.1.3}{Chronologie}{section.2.1.1}% 22
\BOOKMARK [1][]{section.2.1.2}{M\351thodologie \046 mise en oeuvre}{chapter.2.1}% 23
\BOOKMARK [2][]{subsection.2.1.2.1}{Appropriation}{section.2.1.2}% 24
\BOOKMARK [2][]{subsection.2.1.2.2}{Cr\351ation de la base de projection}{section.2.1.2}% 25
\BOOKMARK [2][]{subsection.2.1.2.3}{Hypoth\350ses de projection}{section.2.1.2}% 26
\BOOKMARK [2][]{subsection.2.1.2.4}{Visualisation}{section.2.1.2}% 27
\BOOKMARK [0][]{chapter.2.2}{Etudes sur les migrations r\351sidentielles}{part.2}% 28
\BOOKMARK [1][]{section.2.2.1}{Description des partenariats}{chapter.2.2}% 29
\BOOKMARK [2][]{subsection.2.2.1.1}{Chronologie}{section.2.2.1}% 30
\BOOKMARK [1][]{section.2.2.2}{Publication sur les donn\351es FiD\351LI}{chapter.2.2}% 31
\BOOKMARK [1][]{section.2.2.3}{Publication sur les donn\351es du Recensement}{chapter.2.2}% 32
\BOOKMARK [2][]{subsection.2.2.3.1}{Processus \046 Organisation du travail}{section.2.2.3}% 33
\BOOKMARK [2][]{subsection.2.2.3.2}{M\351thodologie de travail}{section.2.2.3}% 34
\BOOKMARK [2][]{subsection.2.2.3.3}{Difficult\351s rencontr\351es}{section.2.2.3}% 35
\BOOKMARK [2][]{subsection.2.2.3.4}{Choix effectu\351s}{section.2.2.3}% 36
\BOOKMARK [2][]{subsection.2.2.3.5}{Freins et difficult\351s surmont\351s}{section.2.2.3}% 37
\BOOKMARK [-1][]{part.3}{III Bilan \046 Perspectives}{}% 38
\BOOKMARK [0][]{chapter.3.1}{Evaluation \046 Analyse personnelle}{part.3}% 39
\BOOKMARK [1][]{subsection.3.1.0.1}{Apports en termes de Savoir-\352tre}{chapter.3.1}% 40
\BOOKMARK [2][]{subsection.3.1.0.2}{Apports en termes de Savoir-faire}{subsection.3.1.0.1}% 41
\BOOKMARK [2][]{subsection.3.1.0.3}{Ad\351quation entre formation \046 missions de stage}{subsection.3.1.0.1}% 42
\BOOKMARK [2][]{subsection.3.1.0.4}{Propositions non retenues}{subsection.3.1.0.1}% 43
\BOOKMARK [0][]{chapter.3.2}{Conclusion \046 Perspectives}{part.3}% 44
\BOOKMARK [-1][]{chapter.3.2}{Sommaire d\351taill\351}{}% 45
\BOOKMARK [-1][]{chapter*.21}{Liste des tableaux}{}% 46
