\BOOKMARK [-1][-]{Doc-Start}{Avant propos}{}% 1
\BOOKMARK [-1][-]{part.1}{I Simulateur Démographique}{}% 2
\BOOKMARK [0][-]{chapter.1.1}{Phase d'appropriation}{part.1}% 3
\BOOKMARK [0][-]{chapter.1.2}{Construction de la base de données}{part.1}% 4
\BOOKMARK [1][-]{section.1.2.1}{Mise en place}{chapter.1.2}% 5
\BOOKMARK [1][-]{section.1.2.2}{Etape no1 : Création des bases}{chapter.1.2}% 6
\BOOKMARK [1][-]{section.1.2.3}{Etape no2 : Dislocation}{chapter.1.2}% 7
\BOOKMARK [1][-]{section.1.2.4}{Etape no3 : Rapprochement}{chapter.1.2}% 8
\BOOKMARK [1][-]{section.1.2.5}{Etape no4 : Remplissage}{chapter.1.2}% 9
\BOOKMARK [0][-]{chapter.1.3}{Construction des hypothèses de projection}{part.1}% 10
\BOOKMARK [1][-]{section.1.3.1}{Hypothèses de fécondité}{chapter.1.3}% 11
\BOOKMARK [1][-]{section.1.3.2}{Hypothèses de mortalité}{chapter.1.3}% 12
\BOOKMARK [1][-]{section.1.3.3}{Gestion des migrations}{chapter.1.3}% 13
\BOOKMARK [0][-]{chapter.1.4}{Projection}{part.1}% 14
\BOOKMARK [-1][-]{part.2}{II Migrations résidentielles}{}% 15
\BOOKMARK [0][-]{chapter.2.1}{Publication INSEE-AUDIAR}{part.2}% 16
\BOOKMARK [0][-]{chapter.2.2}{Publication Audiar}{part.2}% 17
\BOOKMARK [-1][-]{part.3}{III Elements divers}{}% 18
\BOOKMARK [-1][-]{chapter*.2}{Liste des figures}{}% 19
\BOOKMARK [-1][-]{chapter*.3}{Liste des tableaux}{}% 20
\BOOKMARK [-1][-]{chapter*.4}{Liste des listings}{}% 21
